mode: set
intelligent-course-aware-ide/internal/controller/assignment/assignment_v1_attempt_for_assignment.go:23.144,24.83 1 0
intelligent-course-aware-ide/internal/controller/assignment/assignment_v1_attempt_for_assignment.go:24.83,27.17 3 0
intelligent-course-aware-ide/internal/controller/assignment/assignment_v1_attempt_for_assignment.go:27.17,30.4 2 0
intelligent-course-aware-ide/internal/controller/assignment/assignment_v1_attempt_for_assignment.go:31.3,33.22 1 0
intelligent-course-aware-ide/internal/controller/assignment/assignment_v1_attempt_for_assignment.go:37.2,39.16 3 0
intelligent-course-aware-ide/internal/controller/assignment/assignment_v1_attempt_for_assignment.go:39.16,41.3 1 0
intelligent-course-aware-ide/internal/controller/assignment/assignment_v1_attempt_for_assignment.go:42.2,44.16 3 0
intelligent-course-aware-ide/internal/controller/assignment/assignment_v1_attempt_for_assignment.go:44.16,46.3 1 0
intelligent-course-aware-ide/internal/controller/assignment/assignment_v1_attempt_for_assignment.go:48.2,49.62 2 0
intelligent-course-aware-ide/internal/controller/assignment/assignment_v1_attempt_for_assignment.go:49.62,52.17 3 0
intelligent-course-aware-ide/internal/controller/assignment/assignment_v1_attempt_for_assignment.go:52.17,54.4 1 0
intelligent-course-aware-ide/internal/controller/assignment/assignment_v1_attempt_for_assignment.go:55.3,57.17 3 0
intelligent-course-aware-ide/internal/controller/assignment/assignment_v1_attempt_for_assignment.go:57.17,59.4 1 0
intelligent-course-aware-ide/internal/controller/assignment/assignment_v1_attempt_for_assignment.go:60.3,60.36 1 0
intelligent-course-aware-ide/internal/controller/assignment/assignment_v1_attempt_for_assignment.go:63.2,71.16 3 0
intelligent-course-aware-ide/internal/controller/assignment/assignment_v1_attempt_for_assignment.go:71.16,73.3 1 0
intelligent-course-aware-ide/internal/controller/assignment/assignment_v1_attempt_for_assignment.go:74.2,76.16 2 0
intelligent-course-aware-ide/internal/controller/assignment/assignment_v1_attempt_for_assignment.go:76.16,78.3 1 0
intelligent-course-aware-ide/internal/controller/assignment/assignment_v1_attempt_for_assignment.go:79.2,82.16 3 0
intelligent-course-aware-ide/internal/controller/assignment/assignment_v1_attempt_for_assignment.go:82.16,84.3 1 0
intelligent-course-aware-ide/internal/controller/assignment/assignment_v1_attempt_for_assignment.go:85.2,85.38 1 0
intelligent-course-aware-ide/internal/controller/assignment/assignment_v1_attempt_for_assignment.go:85.38,87.3 1 0
intelligent-course-aware-ide/internal/controller/assignment/assignment_v1_attempt_for_assignment.go:89.2,92.16 3 0
intelligent-course-aware-ide/internal/controller/assignment/assignment_v1_attempt_for_assignment.go:92.16,94.3 1 0
intelligent-course-aware-ide/internal/controller/assignment/assignment_v1_attempt_for_assignment.go:96.2,96.24 1 0
intelligent-course-aware-ide/internal/controller/assignment/assignment_v1_create_assignment.go:11.132,14.16 3 1
intelligent-course-aware-ide/internal/controller/assignment/assignment_v1_create_assignment.go:14.16,16.3 1 0
intelligent-course-aware-ide/internal/controller/assignment/assignment_v1_create_assignment.go:18.2,19.16 2 1
intelligent-course-aware-ide/internal/controller/assignment/assignment_v1_create_assignment.go:19.16,21.3 1 0
intelligent-course-aware-ide/internal/controller/assignment/assignment_v1_create_assignment.go:23.2,23.24 1 1
intelligent-course-aware-ide/internal/controller/assignment/assignment_v1_create_assignment.go:23.24,25.17 2 1
intelligent-course-aware-ide/internal/controller/assignment/assignment_v1_create_assignment.go:25.17,27.4 1 0
intelligent-course-aware-ide/internal/controller/assignment/assignment_v1_create_assignment.go:29.3,32.29 4 1
intelligent-course-aware-ide/internal/controller/assignment/assignment_v1_create_assignment.go:32.29,34.4 1 0
intelligent-course-aware-ide/internal/controller/assignment/assignment_v1_create_assignment.go:36.3,39.18 2 1
intelligent-course-aware-ide/internal/controller/assignment/assignment_v1_create_assignment.go:41.2,41.89 1 0
intelligent-course-aware-ide/internal/controller/assignment/assignment_v1_delete_assignment.go:11.132,14.16 3 1
intelligent-course-aware-ide/internal/controller/assignment/assignment_v1_delete_assignment.go:14.16,16.3 1 0
intelligent-course-aware-ide/internal/controller/assignment/assignment_v1_delete_assignment.go:17.2,18.16 2 1
intelligent-course-aware-ide/internal/controller/assignment/assignment_v1_delete_assignment.go:18.16,20.3 1 0
intelligent-course-aware-ide/internal/controller/assignment/assignment_v1_delete_assignment.go:22.2,22.24 1 1
intelligent-course-aware-ide/internal/controller/assignment/assignment_v1_delete_assignment.go:22.24,24.17 2 1
intelligent-course-aware-ide/internal/controller/assignment/assignment_v1_delete_assignment.go:24.17,26.4 1 0
intelligent-course-aware-ide/internal/controller/assignment/assignment_v1_delete_assignment.go:28.3,31.29 4 1
intelligent-course-aware-ide/internal/controller/assignment/assignment_v1_delete_assignment.go:31.29,33.4 1 0
intelligent-course-aware-ide/internal/controller/assignment/assignment_v1_delete_assignment.go:35.3,38.18 2 1
intelligent-course-aware-ide/internal/controller/assignment/assignment_v1_delete_assignment.go:40.2,40.141 1 0
intelligent-course-aware-ide/internal/controller/assignment/assignment_v1_delete_testcase_and_answer.go:11.153,14.16 3 1
intelligent-course-aware-ide/internal/controller/assignment/assignment_v1_delete_testcase_and_answer.go:14.16,16.3 1 0
intelligent-course-aware-ide/internal/controller/assignment/assignment_v1_delete_testcase_and_answer.go:17.2,18.16 2 1
intelligent-course-aware-ide/internal/controller/assignment/assignment_v1_delete_testcase_and_answer.go:18.16,20.3 1 0
intelligent-course-aware-ide/internal/controller/assignment/assignment_v1_delete_testcase_and_answer.go:22.2,22.24 1 1
intelligent-course-aware-ide/internal/controller/assignment/assignment_v1_delete_testcase_and_answer.go:22.24,24.17 2 1
intelligent-course-aware-ide/internal/controller/assignment/assignment_v1_delete_testcase_and_answer.go:24.17,26.4 1 0
intelligent-course-aware-ide/internal/controller/assignment/assignment_v1_delete_testcase_and_answer.go:28.3,31.29 4 1
intelligent-course-aware-ide/internal/controller/assignment/assignment_v1_delete_testcase_and_answer.go:31.29,33.4 1 0
intelligent-course-aware-ide/internal/controller/assignment/assignment_v1_delete_testcase_and_answer.go:35.3,38.18 2 1
intelligent-course-aware-ide/internal/controller/assignment/assignment_v1_delete_testcase_and_answer.go:40.2,40.91 1 0
intelligent-course-aware-ide/internal/controller/assignment/assignment_v1_get_all_assignment_info_of_a_course.go:10.171,13.16 3 1
intelligent-course-aware-ide/internal/controller/assignment/assignment_v1_get_all_assignment_info_of_a_course.go:13.16,15.3 1 0
intelligent-course-aware-ide/internal/controller/assignment/assignment_v1_get_all_assignment_info_of_a_course.go:16.2,17.17 2 1
intelligent-course-aware-ide/internal/controller/assignment/assignment_v1_get_all_assignment_info_of_a_lecture.go:11.174,15.16 4 1
intelligent-course-aware-ide/internal/controller/assignment/assignment_v1_get_all_assignment_info_of_a_lecture.go:15.16,17.3 1 0
intelligent-course-aware-ide/internal/controller/assignment/assignment_v1_get_all_assignment_info_of_a_lecture.go:18.2,19.17 2 1
intelligent-course-aware-ide/internal/controller/assignment/assignment_v1_get_assignment.go:10.123,14.2 3 1
intelligent-course-aware-ide/internal/controller/assignment/assignment_v1_get_assignment_feedback_of_a_user.go:10.168,15.2 4 0
intelligent-course-aware-ide/internal/controller/assignment/assignment_v1_update_assignment.go:12.132,19.16 4 1
intelligent-course-aware-ide/internal/controller/assignment/assignment_v1_update_assignment.go:19.16,21.3 1 0
intelligent-course-aware-ide/internal/controller/assignment/assignment_v1_update_assignment.go:22.2,23.16 2 1
intelligent-course-aware-ide/internal/controller/assignment/assignment_v1_update_assignment.go:23.16,25.3 1 0
intelligent-course-aware-ide/internal/controller/assignment/assignment_v1_update_assignment.go:27.2,27.24 1 1
intelligent-course-aware-ide/internal/controller/assignment/assignment_v1_update_assignment.go:27.24,30.17 3 1
intelligent-course-aware-ide/internal/controller/assignment/assignment_v1_update_assignment.go:30.17,32.4 1 0
intelligent-course-aware-ide/internal/controller/assignment/assignment_v1_update_assignment.go:34.3,37.29 4 1
intelligent-course-aware-ide/internal/controller/assignment/assignment_v1_update_assignment.go:37.29,39.4 1 0
intelligent-course-aware-ide/internal/controller/assignment/assignment_v1_update_assignment.go:41.3,42.18 2 1
intelligent-course-aware-ide/internal/controller/assignment/assignment_v1_update_assignment.go:44.2,44.89 1 0
intelligent-course-aware-ide/internal/controller/assignment/assignment_v1_upload_testcase_and_answer.go:11.153,13.16 2 1
intelligent-course-aware-ide/internal/controller/assignment/assignment_v1_upload_testcase_and_answer.go:13.16,15.3 1 0
intelligent-course-aware-ide/internal/controller/assignment/assignment_v1_upload_testcase_and_answer.go:16.2,17.16 2 1
intelligent-course-aware-ide/internal/controller/assignment/assignment_v1_upload_testcase_and_answer.go:17.16,19.3 1 0
intelligent-course-aware-ide/internal/controller/assignment/assignment_v1_upload_testcase_and_answer.go:21.2,21.24 1 1
intelligent-course-aware-ide/internal/controller/assignment/assignment_v1_upload_testcase_and_answer.go:21.24,23.17 2 1
intelligent-course-aware-ide/internal/controller/assignment/assignment_v1_upload_testcase_and_answer.go:23.17,25.4 1 0
intelligent-course-aware-ide/internal/controller/assignment/assignment_v1_upload_testcase_and_answer.go:27.3,30.29 4 1
intelligent-course-aware-ide/internal/controller/assignment/assignment_v1_upload_testcase_and_answer.go:30.29,32.4 1 0
intelligent-course-aware-ide/internal/controller/assignment/assignment_v1_upload_testcase_and_answer.go:34.3,37.18 2 1
intelligent-course-aware-ide/internal/controller/assignment/assignment_v1_upload_testcase_and_answer.go:39.2,39.91 1 0
