mode: set
intelligent-course-aware-ide/internal/controller/lecture/lecture_new.go:18.33,23.2 1 0
intelligent-course-aware-ide/internal/controller/lecture/lecture_v1_create_lecture.go:11.123,15.16 3 1
intelligent-course-aware-ide/internal/controller/lecture/lecture_v1_create_lecture.go:15.16,17.3 1 0
intelligent-course-aware-ide/internal/controller/lecture/lecture_v1_create_lecture.go:18.2,19.16 2 1
intelligent-course-aware-ide/internal/controller/lecture/lecture_v1_create_lecture.go:19.16,21.3 1 0
intelligent-course-aware-ide/internal/controller/lecture/lecture_v1_create_lecture.go:23.2,23.24 1 1
intelligent-course-aware-ide/internal/controller/lecture/lecture_v1_create_lecture.go:23.24,25.17 2 1
intelligent-course-aware-ide/internal/controller/lecture/lecture_v1_create_lecture.go:25.17,27.4 1 0
intelligent-course-aware-ide/internal/controller/lecture/lecture_v1_create_lecture.go:29.3,32.29 4 1
intelligent-course-aware-ide/internal/controller/lecture/lecture_v1_create_lecture.go:32.29,34.4 1 0
intelligent-course-aware-ide/internal/controller/lecture/lecture_v1_create_lecture.go:36.3,39.18 2 1
intelligent-course-aware-ide/internal/controller/lecture/lecture_v1_create_lecture.go:41.2,41.86 1 0
intelligent-course-aware-ide/internal/controller/lecture/lecture_v1_delete_lecture.go:11.123,17.16 4 1
intelligent-course-aware-ide/internal/controller/lecture/lecture_v1_delete_lecture.go:17.16,19.3 1 0
intelligent-course-aware-ide/internal/controller/lecture/lecture_v1_delete_lecture.go:20.2,21.16 2 1
intelligent-course-aware-ide/internal/controller/lecture/lecture_v1_delete_lecture.go:21.16,23.3 1 0
intelligent-course-aware-ide/internal/controller/lecture/lecture_v1_delete_lecture.go:25.2,25.24 1 1
intelligent-course-aware-ide/internal/controller/lecture/lecture_v1_delete_lecture.go:25.24,27.17 2 1
intelligent-course-aware-ide/internal/controller/lecture/lecture_v1_delete_lecture.go:27.17,29.4 1 0
intelligent-course-aware-ide/internal/controller/lecture/lecture_v1_delete_lecture.go:31.3,34.29 4 1
intelligent-course-aware-ide/internal/controller/lecture/lecture_v1_delete_lecture.go:34.29,36.4 1 0
intelligent-course-aware-ide/internal/controller/lecture/lecture_v1_delete_lecture.go:38.3,39.18 2 1
intelligent-course-aware-ide/internal/controller/lecture/lecture_v1_delete_lecture.go:41.2,41.138 1 0
intelligent-course-aware-ide/internal/controller/lecture/lecture_v1_get_all_lecture_of_a_course_info.go:10.162,14.2 3 1
intelligent-course-aware-ide/internal/controller/lecture/lecture_v1_get_lecture.go:10.114,14.2 3 1
intelligent-course-aware-ide/internal/controller/lecture/lecture_v1_update_lecture.go:12.123,19.16 4 1
intelligent-course-aware-ide/internal/controller/lecture/lecture_v1_update_lecture.go:19.16,21.3 1 0
intelligent-course-aware-ide/internal/controller/lecture/lecture_v1_update_lecture.go:22.2,23.16 2 1
intelligent-course-aware-ide/internal/controller/lecture/lecture_v1_update_lecture.go:23.16,25.3 1 0
intelligent-course-aware-ide/internal/controller/lecture/lecture_v1_update_lecture.go:27.2,27.24 1 1
intelligent-course-aware-ide/internal/controller/lecture/lecture_v1_update_lecture.go:27.24,30.17 3 1
intelligent-course-aware-ide/internal/controller/lecture/lecture_v1_update_lecture.go:30.17,32.4 1 0
intelligent-course-aware-ide/internal/controller/lecture/lecture_v1_update_lecture.go:34.3,37.29 4 1
intelligent-course-aware-ide/internal/controller/lecture/lecture_v1_update_lecture.go:37.29,39.4 1 0
intelligent-course-aware-ide/internal/controller/lecture/lecture_v1_update_lecture.go:41.3,42.18 2 1
intelligent-course-aware-ide/internal/controller/lecture/lecture_v1_update_lecture.go:44.2,44.86 1 0
