mode: set
intelligent-course-aware-ide/internal/controller/user/user.go:19.111,22.39 3 0
intelligent-course-aware-ide/internal/controller/user/user.go:22.39,24.3 1 0
intelligent-course-aware-ide/internal/controller/user/user.go:26.2,28.31 3 0
intelligent-course-aware-ide/internal/controller/user/user.go:28.31,30.3 1 0
intelligent-course-aware-ide/internal/controller/user/user.go:32.2,32.114 1 0
intelligent-course-aware-ide/internal/controller/user/user.go:32.114,34.3 1 0
intelligent-course-aware-ide/internal/controller/user/user.go:34.8,36.3 1 0
intelligent-course-aware-ide/internal/controller/user/user.go:40.44,44.38 4 0
intelligent-course-aware-ide/internal/controller/user/user.go:44.38,49.29 5 0
intelligent-course-aware-ide/internal/controller/user/user.go:49.29,51.4 1 0
intelligent-course-aware-ide/internal/controller/user/user.go:53.2,53.23 1 0
intelligent-course-aware-ide/internal/controller/user/user.go:56.37,57.34 1 0
intelligent-course-aware-ide/internal/controller/user/user.go:58.14,59.19 1 0
intelligent-course-aware-ide/internal/controller/user/user.go:60.25,61.31 1 0
intelligent-course-aware-ide/internal/controller/user/user.go:62.24,63.33 1 0
intelligent-course-aware-ide/internal/controller/user/user.go:64.17,65.22 1 0
intelligent-course-aware-ide/internal/controller/user/user.go:66.10,67.93 1 0
intelligent-course-aware-ide/internal/controller/user/user_new.go:16.27,20.2 1 0
intelligent-course-aware-ide/internal/controller/user/user_v1_delete_user.go:10.114,14.28 3 1
intelligent-course-aware-ide/internal/controller/user/user_v1_delete_user.go:14.28,16.3 1 0
intelligent-course-aware-ide/internal/controller/user/user_v1_delete_user.go:18.2,19.16 2 1
intelligent-course-aware-ide/internal/controller/user/user_v1_delete_user.go:19.16,23.3 1 1
intelligent-course-aware-ide/internal/controller/user/user_v1_delete_user.go:24.2,24.17 1 1
intelligent-course-aware-ide/internal/controller/user/user_v1_get_all_users_info.go:10.129,14.2 3 1
intelligent-course-aware-ide/internal/controller/user/user_v1_get_user.go:10.105,14.2 3 1
intelligent-course-aware-ide/internal/controller/user/user_v1_logout_user.go:12.114,15.16 3 1
intelligent-course-aware-ide/internal/controller/user/user_v1_logout_user.go:15.16,17.3 1 0
intelligent-course-aware-ide/internal/controller/user/user_v1_logout_user.go:18.2,18.46 1 1
intelligent-course-aware-ide/internal/controller/user/user_v1_update_user.go:11.114,17.16 4 1
intelligent-course-aware-ide/internal/controller/user/user_v1_update_user.go:17.16,19.3 1 0
intelligent-course-aware-ide/internal/controller/user/user_v1_update_user.go:20.2,21.17 2 1
