mode: set
intelligent-course-aware-ide/internal/controller/comment/comment.go:13.115,19.16 2 1
intelligent-course-aware-ide/internal/controller/comment/comment.go:19.16,21.3 1 0
intelligent-course-aware-ide/internal/controller/comment/comment.go:22.2,22.23 1 1
intelligent-course-aware-ide/internal/controller/comment/comment.go:22.23,25.3 2 0
intelligent-course-aware-ide/internal/controller/comment/comment.go:26.2,26.51 1 1
intelligent-course-aware-ide/internal/controller/comment/comment_V1_create_comment.go:11.123,20.16 2 1
intelligent-course-aware-ide/internal/controller/comment/comment_V1_create_comment.go:20.16,22.3 1 0
intelligent-course-aware-ide/internal/controller/comment/comment_V1_create_comment.go:23.2,26.17 2 1
intelligent-course-aware-ide/internal/controller/comment/comment_V1_delete_comment.go:11.123,13.16 2 1
intelligent-course-aware-ide/internal/controller/comment/comment_V1_delete_comment.go:13.16,18.3 2 0
intelligent-course-aware-ide/internal/controller/comment/comment_V1_delete_comment.go:19.2,19.12 1 1
intelligent-course-aware-ide/internal/controller/comment/comment_V1_delete_comment.go:19.12,21.17 2 1
intelligent-course-aware-ide/internal/controller/comment/comment_V1_delete_comment.go:21.17,23.4 1 0
intelligent-course-aware-ide/internal/controller/comment/comment_V1_delete_comment.go:24.3,27.18 2 1
intelligent-course-aware-ide/internal/controller/comment/comment_V1_delete_comment.go:28.8,34.3 3 0
intelligent-course-aware-ide/internal/controller/comment/comment_V1_get_comment.go:13.114,34.2 4 1
intelligent-course-aware-ide/internal/controller/comment/comment_V1_update_comment.go:12.123,19.16 3 1
intelligent-course-aware-ide/internal/controller/comment/comment_V1_update_comment.go:19.16,21.3 1 0
intelligent-course-aware-ide/internal/controller/comment/comment_V1_update_comment.go:22.2,23.17 2 1
intelligent-course-aware-ide/internal/controller/comment/comment_v1_get_hot_words.go:22.13,24.2 1 1
intelligent-course-aware-ide/internal/controller/comment/comment_v1_get_hot_words.go:25.117,27.16 2 1
intelligent-course-aware-ide/internal/controller/comment/comment_v1_get_hot_words.go:27.16,29.3 1 0
intelligent-course-aware-ide/internal/controller/comment/comment_v1_get_hot_words.go:30.2,31.46 2 1
intelligent-course-aware-ide/internal/controller/comment/comment_v1_get_hot_words.go:31.46,33.30 2 1
intelligent-course-aware-ide/internal/controller/comment/comment_v1_get_hot_words.go:33.30,34.49 1 1
intelligent-course-aware-ide/internal/controller/comment/comment_v1_get_hot_words.go:34.49,35.13 1 1
intelligent-course-aware-ide/internal/controller/comment/comment_v1_get_hot_words.go:37.4,38.28 2 1
intelligent-course-aware-ide/internal/controller/comment/comment_v1_get_hot_words.go:42.2,43.46 2 1
intelligent-course-aware-ide/internal/controller/comment/comment_v1_get_hot_words.go:43.46,46.3 2 1
intelligent-course-aware-ide/internal/controller/comment/comment_v1_get_hot_words.go:49.2,49.39 1 1
intelligent-course-aware-ide/internal/controller/comment/comment_v1_get_hot_words.go:49.39,51.3 1 0
intelligent-course-aware-ide/internal/controller/comment/comment_v1_get_hot_words.go:52.2,52.20 1 1
intelligent-course-aware-ide/internal/controller/comment/comment_v1_get_hot_words.go:52.20,54.3 1 0
intelligent-course-aware-ide/internal/controller/comment/comment_v1_get_hot_words.go:56.2,59.16 2 1
