mode: set
intelligent-course-aware-ide/internal/controller/Files/Files_new.go:13.29,15.2 1 0
intelligent-course-aware-ide/internal/controller/Files/Files_v1_delete_lecture_file.go:13.135,17.16 3 0
intelligent-course-aware-ide/internal/controller/Files/Files_v1_delete_lecture_file.go:17.16,19.3 1 0
intelligent-course-aware-ide/internal/controller/Files/Files_v1_delete_lecture_file.go:20.2,20.15 1 0
intelligent-course-aware-ide/internal/controller/Files/Files_v1_delete_lecture_file.go:20.15,21.17 1 0
intelligent-course-aware-ide/internal/controller/Files/Files_v1_delete_lecture_file.go:21.17,23.4 1 0
intelligent-course-aware-ide/internal/controller/Files/Files_v1_delete_lecture_file.go:26.2,27.16 2 0
intelligent-course-aware-ide/internal/controller/Files/Files_v1_delete_lecture_file.go:27.16,29.3 1 0
intelligent-course-aware-ide/internal/controller/Files/Files_v1_delete_lecture_file.go:30.2,30.21 1 0
intelligent-course-aware-ide/internal/controller/Files/Files_v1_delete_lecture_file.go:30.21,32.3 1 0
intelligent-course-aware-ide/internal/controller/Files/Files_v1_delete_lecture_file.go:35.2,35.87 1 0
intelligent-course-aware-ide/internal/controller/Files/Files_v1_delete_lecture_file.go:35.87,37.3 1 0
intelligent-course-aware-ide/internal/controller/Files/Files_v1_delete_lecture_file.go:40.2,40.81 1 0
intelligent-course-aware-ide/internal/controller/Files/Files_v1_delete_lecture_file.go:40.81,42.3 1 0
intelligent-course-aware-ide/internal/controller/Files/Files_v1_delete_lecture_file.go:44.2,45.109 2 0
intelligent-course-aware-ide/internal/controller/Files/Files_v1_delete_lecture_file.go:45.109,47.3 1 0
intelligent-course-aware-ide/internal/controller/Files/Files_v1_delete_lecture_file.go:49.2,49.46 1 0
intelligent-course-aware-ide/internal/controller/Files/Files_v1_delete_lecture_file.go:49.46,51.3 1 0
intelligent-course-aware-ide/internal/controller/Files/Files_v1_delete_lecture_file.go:53.2,53.35 1 0
intelligent-course-aware-ide/internal/controller/Files/Files_v1_delete_lecture_file.go:53.35,55.3 1 0
intelligent-course-aware-ide/internal/controller/Files/Files_v1_delete_lecture_file.go:57.2,58.17 2 0
intelligent-course-aware-ide/internal/controller/Files/Files_v1_get_file_with_lecture_id.go:13.144,20.16 2 0
intelligent-course-aware-ide/internal/controller/Files/Files_v1_get_file_with_lecture_id.go:20.16,22.3 1 0
intelligent-course-aware-ide/internal/controller/Files/Files_v1_get_file_with_lecture_id.go:23.2,24.17 2 0
intelligent-course-aware-ide/internal/controller/Files/Files_v1_get_file_with_lecture_id.go:24.17,26.3 1 0
intelligent-course-aware-ide/internal/controller/Files/Files_v1_get_file_with_lecture_id.go:29.2,33.16 2 0
intelligent-course-aware-ide/internal/controller/Files/Files_v1_get_file_with_lecture_id.go:33.16,35.3 1 0
intelligent-course-aware-ide/internal/controller/Files/Files_v1_get_file_with_lecture_id.go:36.2,37.19 2 0
intelligent-course-aware-ide/internal/controller/Files/Files_v1_get_file_with_lecture_id.go:37.19,39.3 1 0
intelligent-course-aware-ide/internal/controller/Files/Files_v1_get_file_with_lecture_id.go:41.2,44.17 3 0
intelligent-course-aware-ide/internal/controller/Files/Files_v1_get_lecture_file.go:13.126,16.16 3 0
intelligent-course-aware-ide/internal/controller/Files/Files_v1_get_lecture_file.go:16.16,18.3 1 0
intelligent-course-aware-ide/internal/controller/Files/Files_v1_get_lecture_file.go:19.2,19.20 1 0
intelligent-course-aware-ide/internal/controller/Files/Files_v1_get_lecture_file.go:19.20,21.3 1 0
intelligent-course-aware-ide/internal/controller/Files/Files_v1_get_lecture_file.go:23.2,27.17 3 0
intelligent-course-aware-ide/internal/controller/Files/Files_v1_update_lecture_file.go:17.135,21.16 3 0
intelligent-course-aware-ide/internal/controller/Files/Files_v1_update_lecture_file.go:21.16,23.3 1 0
intelligent-course-aware-ide/internal/controller/Files/Files_v1_update_lecture_file.go:24.2,24.21 1 0
intelligent-course-aware-ide/internal/controller/Files/Files_v1_update_lecture_file.go:24.21,26.3 1 0
intelligent-course-aware-ide/internal/controller/Files/Files_v1_update_lecture_file.go:29.2,36.32 6 0
intelligent-course-aware-ide/internal/controller/Files/Files_v1_update_lecture_file.go:36.32,37.49 1 0
intelligent-course-aware-ide/internal/controller/Files/Files_v1_update_lecture_file.go:37.49,39.4 1 0
intelligent-course-aware-ide/internal/controller/Files/Files_v1_update_lecture_file.go:42.2,45.50 2 0
intelligent-course-aware-ide/internal/controller/Files/Files_v1_update_lecture_file.go:45.50,47.3 1 0
intelligent-course-aware-ide/internal/controller/Files/Files_v1_update_lecture_file.go:49.2,52.112 3 0
intelligent-course-aware-ide/internal/controller/Files/Files_v1_update_lecture_file.go:52.112,54.3 1 0
intelligent-course-aware-ide/internal/controller/Files/Files_v1_update_lecture_file.go:57.2,58.16 2 0
intelligent-course-aware-ide/internal/controller/Files/Files_v1_update_lecture_file.go:58.16,60.3 1 0
intelligent-course-aware-ide/internal/controller/Files/Files_v1_update_lecture_file.go:62.2,62.15 1 0
intelligent-course-aware-ide/internal/controller/Files/Files_v1_update_lecture_file.go:62.15,63.17 1 0
intelligent-course-aware-ide/internal/controller/Files/Files_v1_update_lecture_file.go:63.17,65.4 1 0
intelligent-course-aware-ide/internal/controller/Files/Files_v1_update_lecture_file.go:68.2,75.16 2 0
intelligent-course-aware-ide/internal/controller/Files/Files_v1_update_lecture_file.go:75.16,77.3 1 0
intelligent-course-aware-ide/internal/controller/Files/Files_v1_update_lecture_file.go:79.2,79.35 1 0
intelligent-course-aware-ide/internal/controller/Files/Files_v1_update_lecture_file.go:79.35,81.3 1 0
intelligent-course-aware-ide/internal/controller/Files/Files_v1_update_lecture_file.go:83.2,83.52 1 0
intelligent-course-aware-ide/internal/controller/Files/Files_v1_update_lecture_file.go:83.52,85.3 1 0
intelligent-course-aware-ide/internal/controller/Files/Files_v1_update_lecture_file.go:87.2,89.17 2 0
intelligent-course-aware-ide/internal/controller/Files/Files_v1_upload_lecture_file.go:17.135,22.16 3 0
intelligent-course-aware-ide/internal/controller/Files/Files_v1_upload_lecture_file.go:22.16,24.3 1 0
intelligent-course-aware-ide/internal/controller/Files/Files_v1_upload_lecture_file.go:25.2,25.24 1 0
intelligent-course-aware-ide/internal/controller/Files/Files_v1_upload_lecture_file.go:25.24,27.3 1 0
intelligent-course-aware-ide/internal/controller/Files/Files_v1_upload_lecture_file.go:30.2,36.32 5 0
intelligent-course-aware-ide/internal/controller/Files/Files_v1_upload_lecture_file.go:36.32,37.49 1 0
intelligent-course-aware-ide/internal/controller/Files/Files_v1_upload_lecture_file.go:37.49,39.4 1 0
intelligent-course-aware-ide/internal/controller/Files/Files_v1_upload_lecture_file.go:42.2,44.53 2 0
intelligent-course-aware-ide/internal/controller/Files/Files_v1_upload_lecture_file.go:44.53,46.3 1 0
intelligent-course-aware-ide/internal/controller/Files/Files_v1_upload_lecture_file.go:48.2,51.16 3 0
intelligent-course-aware-ide/internal/controller/Files/Files_v1_upload_lecture_file.go:51.16,54.3 2 0
intelligent-course-aware-ide/internal/controller/Files/Files_v1_upload_lecture_file.go:56.2,56.15 1 0
intelligent-course-aware-ide/internal/controller/Files/Files_v1_upload_lecture_file.go:56.15,57.17 1 0
intelligent-course-aware-ide/internal/controller/Files/Files_v1_upload_lecture_file.go:57.17,59.4 1 0
intelligent-course-aware-ide/internal/controller/Files/Files_v1_upload_lecture_file.go:62.2,68.16 2 0
intelligent-course-aware-ide/internal/controller/Files/Files_v1_upload_lecture_file.go:68.16,70.3 1 0
intelligent-course-aware-ide/internal/controller/Files/Files_v1_upload_lecture_file.go:72.2,73.16 2 0
intelligent-course-aware-ide/internal/controller/Files/Files_v1_upload_lecture_file.go:73.16,75.3 1 0
intelligent-course-aware-ide/internal/controller/Files/Files_v1_upload_lecture_file.go:77.2,81.16 2 0
intelligent-course-aware-ide/internal/controller/Files/Files_v1_upload_lecture_file.go:81.16,83.3 1 0
intelligent-course-aware-ide/internal/controller/Files/Files_v1_upload_lecture_file.go:86.2,86.35 1 0
intelligent-course-aware-ide/internal/controller/Files/Files_v1_upload_lecture_file.go:86.35,88.3 1 0
intelligent-course-aware-ide/internal/controller/Files/Files_v1_upload_lecture_file.go:90.2,92.17 2 0
intelligent-course-aware-ide/internal/controller/account/account_new.go:18.33,23.2 1 0
intelligent-course-aware-ide/internal/controller/account/account_v1_create_user.go:13.114,14.35 1 0
intelligent-course-aware-ide/internal/controller/account/account_v1_create_user.go:14.35,16.3 1 0
intelligent-course-aware-ide/internal/controller/account/account_v1_create_user.go:18.2,28.16 2 0
intelligent-course-aware-ide/internal/controller/account/account_v1_create_user.go:28.16,30.3 1 0
intelligent-course-aware-ide/internal/controller/account/account_v1_create_user.go:32.2,36.16 2 0
intelligent-course-aware-ide/internal/controller/account/account_v1_create_user.go:36.16,38.3 1 0
intelligent-course-aware-ide/internal/controller/account/account_v1_create_user.go:40.2,45.16 2 0
intelligent-course-aware-ide/internal/controller/account/account_v1_create_user.go:45.16,47.3 1 0
intelligent-course-aware-ide/internal/controller/account/account_v1_create_user.go:49.2,51.28 3 0
intelligent-course-aware-ide/internal/controller/account/account_v1_create_user.go:51.28,53.3 1 0
intelligent-course-aware-ide/internal/controller/account/account_v1_create_user.go:55.2,58.17 2 0
intelligent-course-aware-ide/internal/controller/account/account_v1_login_user.go:17.111,21.58 2 0
intelligent-course-aware-ide/internal/controller/account/account_v1_login_user.go:21.58,23.3 1 0
intelligent-course-aware-ide/internal/controller/account/account_v1_login_user.go:24.2,24.33 1 0
intelligent-course-aware-ide/internal/controller/account/account_v1_login_user.go:24.33,26.3 1 0
intelligent-course-aware-ide/internal/controller/account/account_v1_login_user.go:27.2,29.16 3 0
intelligent-course-aware-ide/internal/controller/account/account_v1_login_user.go:29.16,31.17 2 0
intelligent-course-aware-ide/internal/controller/account/account_v1_login_user.go:31.17,33.4 1 0
intelligent-course-aware-ide/internal/controller/account/account_v1_login_user.go:34.3,45.17 5 0
intelligent-course-aware-ide/internal/controller/account/account_v1_login_user.go:45.17,47.4 1 0
intelligent-course-aware-ide/internal/controller/account/account_v1_login_user.go:48.3,48.18 1 0
intelligent-course-aware-ide/internal/controller/account/account_v1_login_user.go:50.2,50.17 1 0
intelligent-course-aware-ide/internal/controller/ai/ai_new.go:13.23,15.2 1 0
intelligent-course-aware-ide/internal/controller/ai/ai_v1_ask_for_ai.go:12.108,14.2 1 0
intelligent-course-aware-ide/internal/controller/assignment/assignment_new.go:22.39,29.2 1 0
intelligent-course-aware-ide/internal/controller/assignment/assignment_v1_attempt_for_assignment.go:11.144,15.16 4 0
intelligent-course-aware-ide/internal/controller/assignment/assignment_v1_attempt_for_assignment.go:15.16,17.3 1 0
intelligent-course-aware-ide/internal/controller/assignment/assignment_v1_attempt_for_assignment.go:18.2,19.16 2 0
intelligent-course-aware-ide/internal/controller/assignment/assignment_v1_attempt_for_assignment.go:19.16,21.3 1 0
intelligent-course-aware-ide/internal/controller/assignment/assignment_v1_attempt_for_assignment.go:23.2,25.62 3 0
intelligent-course-aware-ide/internal/controller/assignment/assignment_v1_attempt_for_assignment.go:25.62,27.17 2 0
intelligent-course-aware-ide/internal/controller/assignment/assignment_v1_attempt_for_assignment.go:27.17,29.4 1 0
intelligent-course-aware-ide/internal/controller/assignment/assignment_v1_attempt_for_assignment.go:32.2,32.16 1 0
intelligent-course-aware-ide/internal/controller/assignment/assignment_v1_attempt_for_assignment.go:32.16,34.3 1 0
intelligent-course-aware-ide/internal/controller/assignment/assignment_v1_attempt_for_assignment.go:36.2,46.17 2 0
intelligent-course-aware-ide/internal/controller/assignment/assignment_v1_create_assignment.go:11.132,14.16 3 0
intelligent-course-aware-ide/internal/controller/assignment/assignment_v1_create_assignment.go:14.16,16.3 1 0
intelligent-course-aware-ide/internal/controller/assignment/assignment_v1_create_assignment.go:18.2,19.16 2 0
intelligent-course-aware-ide/internal/controller/assignment/assignment_v1_create_assignment.go:19.16,21.3 1 0
intelligent-course-aware-ide/internal/controller/assignment/assignment_v1_create_assignment.go:23.2,23.24 1 0
intelligent-course-aware-ide/internal/controller/assignment/assignment_v1_create_assignment.go:23.24,25.17 2 0
intelligent-course-aware-ide/internal/controller/assignment/assignment_v1_create_assignment.go:25.17,27.4 1 0
intelligent-course-aware-ide/internal/controller/assignment/assignment_v1_create_assignment.go:29.3,32.29 4 0
intelligent-course-aware-ide/internal/controller/assignment/assignment_v1_create_assignment.go:32.29,34.4 1 0
intelligent-course-aware-ide/internal/controller/assignment/assignment_v1_create_assignment.go:36.3,39.18 2 0
intelligent-course-aware-ide/internal/controller/assignment/assignment_v1_create_assignment.go:41.2,41.89 1 0
intelligent-course-aware-ide/internal/controller/assignment/assignment_v1_delete_assignment.go:11.132,14.16 3 0
intelligent-course-aware-ide/internal/controller/assignment/assignment_v1_delete_assignment.go:14.16,16.3 1 0
intelligent-course-aware-ide/internal/controller/assignment/assignment_v1_delete_assignment.go:17.2,18.16 2 0
intelligent-course-aware-ide/internal/controller/assignment/assignment_v1_delete_assignment.go:18.16,20.3 1 0
intelligent-course-aware-ide/internal/controller/assignment/assignment_v1_delete_assignment.go:22.2,22.24 1 0
intelligent-course-aware-ide/internal/controller/assignment/assignment_v1_delete_assignment.go:22.24,24.17 2 0
intelligent-course-aware-ide/internal/controller/assignment/assignment_v1_delete_assignment.go:24.17,26.4 1 0
intelligent-course-aware-ide/internal/controller/assignment/assignment_v1_delete_assignment.go:28.3,31.29 4 0
intelligent-course-aware-ide/internal/controller/assignment/assignment_v1_delete_assignment.go:31.29,33.4 1 0
intelligent-course-aware-ide/internal/controller/assignment/assignment_v1_delete_assignment.go:35.3,38.18 2 0
intelligent-course-aware-ide/internal/controller/assignment/assignment_v1_delete_assignment.go:40.2,40.141 1 0
intelligent-course-aware-ide/internal/controller/assignment/assignment_v1_delete_testcase_and_answer.go:11.153,14.16 3 0
intelligent-course-aware-ide/internal/controller/assignment/assignment_v1_delete_testcase_and_answer.go:14.16,16.3 1 0
intelligent-course-aware-ide/internal/controller/assignment/assignment_v1_delete_testcase_and_answer.go:17.2,18.16 2 0
intelligent-course-aware-ide/internal/controller/assignment/assignment_v1_delete_testcase_and_answer.go:18.16,20.3 1 0
intelligent-course-aware-ide/internal/controller/assignment/assignment_v1_delete_testcase_and_answer.go:22.2,22.24 1 0
intelligent-course-aware-ide/internal/controller/assignment/assignment_v1_delete_testcase_and_answer.go:22.24,24.17 2 0
intelligent-course-aware-ide/internal/controller/assignment/assignment_v1_delete_testcase_and_answer.go:24.17,26.4 1 0
intelligent-course-aware-ide/internal/controller/assignment/assignment_v1_delete_testcase_and_answer.go:28.3,31.29 4 0
intelligent-course-aware-ide/internal/controller/assignment/assignment_v1_delete_testcase_and_answer.go:31.29,33.4 1 0
intelligent-course-aware-ide/internal/controller/assignment/assignment_v1_delete_testcase_and_answer.go:35.3,38.18 2 0
intelligent-course-aware-ide/internal/controller/assignment/assignment_v1_delete_testcase_and_answer.go:40.2,40.91 1 0
intelligent-course-aware-ide/internal/controller/assignment/assignment_v1_get_all_assignment_info_of_a_course.go:10.171,14.2 3 0
intelligent-course-aware-ide/internal/controller/assignment/assignment_v1_get_all_assignment_info_of_a_lecture.go:10.174,14.2 3 0
intelligent-course-aware-ide/internal/controller/assignment/assignment_v1_get_assignment.go:10.123,14.2 3 0
intelligent-course-aware-ide/internal/controller/assignment/assignment_v1_get_assignment_feedback_of_a_user.go:10.168,15.2 4 0
intelligent-course-aware-ide/internal/controller/assignment/assignment_v1_update_assignment.go:12.132,19.16 4 0
intelligent-course-aware-ide/internal/controller/assignment/assignment_v1_update_assignment.go:19.16,21.3 1 0
intelligent-course-aware-ide/internal/controller/assignment/assignment_v1_update_assignment.go:22.2,23.16 2 0
intelligent-course-aware-ide/internal/controller/assignment/assignment_v1_update_assignment.go:23.16,25.3 1 0
intelligent-course-aware-ide/internal/controller/assignment/assignment_v1_update_assignment.go:27.2,27.24 1 0
intelligent-course-aware-ide/internal/controller/assignment/assignment_v1_update_assignment.go:27.24,30.17 3 0
intelligent-course-aware-ide/internal/controller/assignment/assignment_v1_update_assignment.go:30.17,32.4 1 0
intelligent-course-aware-ide/internal/controller/assignment/assignment_v1_update_assignment.go:34.3,37.29 4 0
intelligent-course-aware-ide/internal/controller/assignment/assignment_v1_update_assignment.go:37.29,39.4 1 0
intelligent-course-aware-ide/internal/controller/assignment/assignment_v1_update_assignment.go:41.3,42.18 2 0
intelligent-course-aware-ide/internal/controller/assignment/assignment_v1_update_assignment.go:44.2,44.89 1 0
intelligent-course-aware-ide/internal/controller/assignment/assignment_v1_upload_testcase_and_answer.go:11.153,13.16 2 0
intelligent-course-aware-ide/internal/controller/assignment/assignment_v1_upload_testcase_and_answer.go:13.16,15.3 1 0
intelligent-course-aware-ide/internal/controller/assignment/assignment_v1_upload_testcase_and_answer.go:16.2,17.16 2 0
intelligent-course-aware-ide/internal/controller/assignment/assignment_v1_upload_testcase_and_answer.go:17.16,19.3 1 0
intelligent-course-aware-ide/internal/controller/assignment/assignment_v1_upload_testcase_and_answer.go:21.2,21.24 1 0
intelligent-course-aware-ide/internal/controller/assignment/assignment_v1_upload_testcase_and_answer.go:21.24,23.17 2 0
intelligent-course-aware-ide/internal/controller/assignment/assignment_v1_upload_testcase_and_answer.go:23.17,25.4 1 0
intelligent-course-aware-ide/internal/controller/assignment/assignment_v1_upload_testcase_and_answer.go:27.3,30.29 4 0
intelligent-course-aware-ide/internal/controller/assignment/assignment_v1_upload_testcase_and_answer.go:30.29,32.4 1 0
intelligent-course-aware-ide/internal/controller/assignment/assignment_v1_upload_testcase_and_answer.go:34.3,37.18 2 0
intelligent-course-aware-ide/internal/controller/assignment/assignment_v1_upload_testcase_and_answer.go:39.2,39.91 1 0
intelligent-course-aware-ide/internal/controller/chat/chat.go:14.121,18.16 4 0
intelligent-course-aware-ide/internal/controller/chat/chat.go:18.16,20.3 1 0
intelligent-course-aware-ide/internal/controller/chat/chat.go:21.2,21.34 1 0
intelligent-course-aware-ide/internal/controller/chat/chat.go:21.34,23.3 1 0
intelligent-course-aware-ide/internal/controller/chat/chat.go:25.2,26.16 2 0
intelligent-course-aware-ide/internal/controller/chat/chat.go:26.16,28.3 1 0
intelligent-course-aware-ide/internal/controller/chat/chat.go:30.2,30.28 1 0
intelligent-course-aware-ide/internal/controller/chat/chat.go:30.28,32.3 1 0
intelligent-course-aware-ide/internal/controller/chat/chat.go:33.2,33.80 1 0
intelligent-course-aware-ide/internal/controller/chat/chat.go:36.121,38.2 1 0
intelligent-course-aware-ide/internal/controller/chat/chat_new.go:18.27,23.2 1 0
intelligent-course-aware-ide/internal/controller/chat/chat_v1_add_user_into_chat.go:11.129,17.16 4 0
intelligent-course-aware-ide/internal/controller/chat/chat_v1_add_user_into_chat.go:17.16,19.3 1 0
intelligent-course-aware-ide/internal/controller/chat/chat_v1_add_user_into_chat.go:20.2,21.16 2 0
intelligent-course-aware-ide/internal/controller/chat/chat_v1_add_user_into_chat.go:21.16,23.3 1 0
intelligent-course-aware-ide/internal/controller/chat/chat_v1_add_user_into_chat.go:25.2,25.24 1 0
intelligent-course-aware-ide/internal/controller/chat/chat_v1_add_user_into_chat.go:25.24,27.17 2 0
intelligent-course-aware-ide/internal/controller/chat/chat_v1_add_user_into_chat.go:27.17,29.4 1 0
intelligent-course-aware-ide/internal/controller/chat/chat_v1_add_user_into_chat.go:30.3,31.18 2 0
intelligent-course-aware-ide/internal/controller/chat/chat_v1_add_user_into_chat.go:33.2,33.97 1 0
intelligent-course-aware-ide/internal/controller/chat/chat_v1_create_chat.go:11.114,19.2 4 0
intelligent-course-aware-ide/internal/controller/chat/chat_v1_create_chat_message.go:10.135,14.2 3 0
intelligent-course-aware-ide/internal/controller/chat/chat_v1_delete_chat.go:11.114,17.16 4 0
intelligent-course-aware-ide/internal/controller/chat/chat_v1_delete_chat.go:17.16,19.3 1 0
intelligent-course-aware-ide/internal/controller/chat/chat_v1_delete_chat.go:21.2,21.13 1 0
intelligent-course-aware-ide/internal/controller/chat/chat_v1_delete_chat.go:21.13,23.17 2 0
intelligent-course-aware-ide/internal/controller/chat/chat_v1_delete_chat.go:23.17,25.4 1 0
intelligent-course-aware-ide/internal/controller/chat/chat_v1_delete_chat.go:27.3,28.18 2 0
intelligent-course-aware-ide/internal/controller/chat/chat_v1_delete_chat.go:30.2,30.75 1 0
intelligent-course-aware-ide/internal/controller/chat/chat_v1_delete_chat_message.go:12.135,19.16 5 0
intelligent-course-aware-ide/internal/controller/chat/chat_v1_delete_chat_message.go:19.16,21.3 1 0
intelligent-course-aware-ide/internal/controller/chat/chat_v1_delete_chat_message.go:23.2,24.16 2 0
intelligent-course-aware-ide/internal/controller/chat/chat_v1_delete_chat_message.go:24.16,26.3 1 0
intelligent-course-aware-ide/internal/controller/chat/chat_v1_delete_chat_message.go:28.2,28.24 1 0
intelligent-course-aware-ide/internal/controller/chat/chat_v1_delete_chat_message.go:28.24,30.17 2 0
intelligent-course-aware-ide/internal/controller/chat/chat_v1_delete_chat_message.go:30.17,32.4 1 0
intelligent-course-aware-ide/internal/controller/chat/chat_v1_delete_chat_message.go:33.3,34.18 2 0
intelligent-course-aware-ide/internal/controller/chat/chat_v1_delete_chat_message.go:36.2,36.119 1 0
intelligent-course-aware-ide/internal/controller/chat/chat_v1_delete_user_from_chat.go:11.138,17.16 4 0
intelligent-course-aware-ide/internal/controller/chat/chat_v1_delete_user_from_chat.go:17.16,19.3 1 0
intelligent-course-aware-ide/internal/controller/chat/chat_v1_delete_user_from_chat.go:21.2,23.24 2 0
intelligent-course-aware-ide/internal/controller/chat/chat_v1_delete_user_from_chat.go:23.24,25.17 2 0
intelligent-course-aware-ide/internal/controller/chat/chat_v1_delete_user_from_chat.go:25.17,27.4 1 0
intelligent-course-aware-ide/internal/controller/chat/chat_v1_delete_user_from_chat.go:28.3,29.18 2 0
intelligent-course-aware-ide/internal/controller/chat/chat_v1_delete_user_from_chat.go:31.2,31.93 1 0
intelligent-course-aware-ide/internal/controller/chat/chat_v1_get_all_chat_info_of_a_user.go:10.147,15.2 3 0
intelligent-course-aware-ide/internal/controller/chat/chat_v1_get_all_chat_message_of_a_chat_info.go:12.168,15.16 3 0
intelligent-course-aware-ide/internal/controller/chat/chat_v1_get_all_chat_message_of_a_chat_info.go:15.16,17.3 1 0
intelligent-course-aware-ide/internal/controller/chat/chat_v1_get_all_chat_message_of_a_chat_info.go:19.2,21.17 2 0
intelligent-course-aware-ide/internal/controller/lecture/lecture_new.go:18.33,23.2 1 0
intelligent-course-aware-ide/internal/controller/lecture/lecture_v1_create_lecture.go:11.123,15.16 3 0
intelligent-course-aware-ide/internal/controller/lecture/lecture_v1_create_lecture.go:15.16,17.3 1 0
intelligent-course-aware-ide/internal/controller/lecture/lecture_v1_create_lecture.go:18.2,19.16 2 0
intelligent-course-aware-ide/internal/controller/lecture/lecture_v1_create_lecture.go:19.16,21.3 1 0
intelligent-course-aware-ide/internal/controller/lecture/lecture_v1_create_lecture.go:23.2,23.24 1 0
intelligent-course-aware-ide/internal/controller/lecture/lecture_v1_create_lecture.go:23.24,25.17 2 0
intelligent-course-aware-ide/internal/controller/lecture/lecture_v1_create_lecture.go:25.17,27.4 1 0
intelligent-course-aware-ide/internal/controller/lecture/lecture_v1_create_lecture.go:29.3,32.29 4 0
intelligent-course-aware-ide/internal/controller/lecture/lecture_v1_create_lecture.go:32.29,34.4 1 0
intelligent-course-aware-ide/internal/controller/lecture/lecture_v1_create_lecture.go:36.3,39.18 2 0
intelligent-course-aware-ide/internal/controller/lecture/lecture_v1_create_lecture.go:41.2,41.86 1 0
intelligent-course-aware-ide/internal/controller/lecture/lecture_v1_delete_lecture.go:11.123,17.16 4 0
intelligent-course-aware-ide/internal/controller/lecture/lecture_v1_delete_lecture.go:17.16,19.3 1 0
intelligent-course-aware-ide/internal/controller/lecture/lecture_v1_delete_lecture.go:20.2,21.16 2 0
intelligent-course-aware-ide/internal/controller/lecture/lecture_v1_delete_lecture.go:21.16,23.3 1 0
intelligent-course-aware-ide/internal/controller/lecture/lecture_v1_delete_lecture.go:25.2,25.24 1 0
intelligent-course-aware-ide/internal/controller/lecture/lecture_v1_delete_lecture.go:25.24,27.17 2 0
intelligent-course-aware-ide/internal/controller/lecture/lecture_v1_delete_lecture.go:27.17,29.4 1 0
intelligent-course-aware-ide/internal/controller/lecture/lecture_v1_delete_lecture.go:31.3,34.29 4 0
intelligent-course-aware-ide/internal/controller/lecture/lecture_v1_delete_lecture.go:34.29,36.4 1 0
intelligent-course-aware-ide/internal/controller/lecture/lecture_v1_delete_lecture.go:38.3,39.18 2 0
intelligent-course-aware-ide/internal/controller/lecture/lecture_v1_delete_lecture.go:41.2,41.138 1 0
intelligent-course-aware-ide/internal/controller/lecture/lecture_v1_get_all_lecture_of_a_course_info.go:10.162,14.2 3 0
intelligent-course-aware-ide/internal/controller/lecture/lecture_v1_get_lecture.go:10.114,14.2 3 0
intelligent-course-aware-ide/internal/controller/lecture/lecture_v1_update_lecture.go:12.123,19.16 4 0
intelligent-course-aware-ide/internal/controller/lecture/lecture_v1_update_lecture.go:19.16,21.3 1 0
intelligent-course-aware-ide/internal/controller/lecture/lecture_v1_update_lecture.go:22.2,23.16 2 0
intelligent-course-aware-ide/internal/controller/lecture/lecture_v1_update_lecture.go:23.16,25.3 1 0
intelligent-course-aware-ide/internal/controller/lecture/lecture_v1_update_lecture.go:27.2,27.24 1 0
intelligent-course-aware-ide/internal/controller/lecture/lecture_v1_update_lecture.go:27.24,30.17 3 0
intelligent-course-aware-ide/internal/controller/lecture/lecture_v1_update_lecture.go:30.17,32.4 1 0
intelligent-course-aware-ide/internal/controller/lecture/lecture_v1_update_lecture.go:34.3,37.29 4 0
intelligent-course-aware-ide/internal/controller/lecture/lecture_v1_update_lecture.go:37.29,39.4 1 0
intelligent-course-aware-ide/internal/controller/lecture/lecture_v1_update_lecture.go:41.3,42.18 2 0
intelligent-course-aware-ide/internal/controller/lecture/lecture_v1_update_lecture.go:44.2,44.86 1 0
intelligent-course-aware-ide/internal/controller/task/task_new.go:13.27,15.2 1 0
intelligent-course-aware-ide/internal/controller/task/task_v1_get_all_task_info_with_user_id.go:11.156,16.16 5 0
intelligent-course-aware-ide/internal/controller/task/task_v1_get_all_task_info_with_user_id.go:16.16,18.3 1 0
intelligent-course-aware-ide/internal/controller/task/task_v1_get_all_task_info_with_user_id.go:19.2,19.34 1 0
intelligent-course-aware-ide/internal/controller/task/task_v1_get_all_task_info_with_user_id.go:19.34,21.3 1 0
intelligent-course-aware-ide/internal/controller/task/task_v1_get_all_task_info_with_user_id.go:21.8,23.3 1 0
intelligent-course-aware-ide/internal/controller/task/task_v1_get_all_task_info_with_user_id.go:24.2,24.16 1 0
intelligent-course-aware-ide/internal/controller/task/task_v1_get_all_task_info_with_user_id.go:24.16,26.3 1 0
intelligent-course-aware-ide/internal/controller/task/task_v1_get_all_task_info_with_user_id.go:27.2,27.17 1 0
intelligent-course-aware-ide/internal/controller/task/task_v1_handle_task.go:12.114,19.16 5 0
intelligent-course-aware-ide/internal/controller/task/task_v1_handle_task.go:19.16,21.3 1 0
intelligent-course-aware-ide/internal/controller/task/task_v1_handle_task.go:23.2,23.41 1 0
intelligent-course-aware-ide/internal/controller/task/task_v1_handle_task.go:23.41,26.3 2 0
intelligent-course-aware-ide/internal/controller/task/task_v1_handle_task.go:28.2,30.16 3 0
intelligent-course-aware-ide/internal/controller/task/task_v1_handle_task.go:30.16,32.3 1 0
intelligent-course-aware-ide/internal/controller/task/task_v1_handle_task.go:33.2,33.68 1 0
intelligent-course-aware-ide/internal/controller/task/task_v1_handle_task.go:33.68,36.3 2 0
intelligent-course-aware-ide/internal/controller/task/task_v1_handle_task.go:37.2,37.111 1 0
intelligent-course-aware-ide/internal/controller/course/course.go:16.76,19.31 3 0
intelligent-course-aware-ide/internal/controller/course/course.go:19.31,21.3 1 0
intelligent-course-aware-ide/internal/controller/course/course.go:23.2,23.64 1 0
intelligent-course-aware-ide/internal/controller/course/course.go:23.64,25.3 1 0
intelligent-course-aware-ide/internal/controller/course/course.go:27.2,27.14 1 0
intelligent-course-aware-ide/internal/controller/course/course.go:30.117,33.16 3 0
intelligent-course-aware-ide/internal/controller/course/course.go:33.16,35.3 1 0
intelligent-course-aware-ide/internal/controller/course/course.go:37.2,37.34 1 0
intelligent-course-aware-ide/internal/controller/course/course.go:37.34,39.3 1 0
intelligent-course-aware-ide/internal/controller/course/course.go:41.2,43.16 3 0
intelligent-course-aware-ide/internal/controller/course/course.go:43.16,45.3 1 0
intelligent-course-aware-ide/internal/controller/course/course.go:47.2,47.32 1 0
intelligent-course-aware-ide/internal/controller/course/course.go:47.32,49.3 1 0
intelligent-course-aware-ide/internal/controller/course/course.go:51.2,51.19 1 0
intelligent-course-aware-ide/internal/controller/course/course.go:54.117,61.36 3 0
intelligent-course-aware-ide/internal/controller/course/course.go:61.36,63.3 1 0
intelligent-course-aware-ide/internal/controller/course/course.go:65.2,65.18 1 0
intelligent-course-aware-ide/internal/controller/course/course_new.go:20.31,26.2 1 0
intelligent-course-aware-ide/internal/controller/course/course_v1_apply_to_join_course.go:15.135,24.16 6 0
intelligent-course-aware-ide/internal/controller/course/course_v1_apply_to_join_course.go:24.16,26.3 1 0
intelligent-course-aware-ide/internal/controller/course/course_v1_apply_to_join_course.go:27.2,27.36 1 0
intelligent-course-aware-ide/internal/controller/course/course_v1_apply_to_join_course.go:27.36,29.3 1 0
intelligent-course-aware-ide/internal/controller/course/course_v1_apply_to_join_course.go:30.2,31.16 2 0
intelligent-course-aware-ide/internal/controller/course/course_v1_apply_to_join_course.go:31.16,33.3 1 0
intelligent-course-aware-ide/internal/controller/course/course_v1_apply_to_join_course.go:34.2,35.16 2 0
intelligent-course-aware-ide/internal/controller/course/course_v1_apply_to_join_course.go:35.16,37.3 1 0
intelligent-course-aware-ide/internal/controller/course/course_v1_apply_to_join_course.go:38.2,38.25 1 0
intelligent-course-aware-ide/internal/controller/course/course_v1_apply_to_join_course.go:38.25,40.3 1 0
intelligent-course-aware-ide/internal/controller/course/course_v1_apply_to_join_course.go:42.2,51.16 2 0
intelligent-course-aware-ide/internal/controller/course/course_v1_apply_to_join_course.go:51.16,53.3 1 0
intelligent-course-aware-ide/internal/controller/course/course_v1_apply_to_join_course.go:54.2,55.17 2 0
intelligent-course-aware-ide/internal/controller/course/course_v1_assign_course_assistant.go:12.147,15.16 3 0
intelligent-course-aware-ide/internal/controller/course/course_v1_assign_course_assistant.go:15.16,17.3 1 0
intelligent-course-aware-ide/internal/controller/course/course_v1_assign_course_assistant.go:19.2,19.12 1 0
intelligent-course-aware-ide/internal/controller/course/course_v1_assign_course_assistant.go:19.12,27.17 3 0
intelligent-course-aware-ide/internal/controller/course/course_v1_assign_course_assistant.go:27.17,29.4 1 0
intelligent-course-aware-ide/internal/controller/course/course_v1_assign_course_assistant.go:30.3,31.18 2 0
intelligent-course-aware-ide/internal/controller/course/course_v1_assign_course_assistant.go:33.2,33.95 1 0
intelligent-course-aware-ide/internal/controller/course/course_v1_create_course.go:12.120,15.49 2 0
intelligent-course-aware-ide/internal/controller/course/course_v1_create_course.go:15.49,17.3 1 0
intelligent-course-aware-ide/internal/controller/course/course_v1_create_course.go:19.2,24.16 2 0
intelligent-course-aware-ide/internal/controller/course/course_v1_create_course.go:24.16,26.3 1 0
intelligent-course-aware-ide/internal/controller/course/course_v1_create_course.go:28.2,36.16 2 0
intelligent-course-aware-ide/internal/controller/course/course_v1_create_course.go:36.16,38.3 1 0
intelligent-course-aware-ide/internal/controller/course/course_v1_create_course.go:40.2,45.16 2 0
intelligent-course-aware-ide/internal/controller/course/course_v1_create_course.go:45.16,47.3 1 0
intelligent-course-aware-ide/internal/controller/course/course_v1_create_course.go:49.2,52.17 2 0
intelligent-course-aware-ide/internal/controller/course/course_v1_delete_course.go:11.120,14.16 3 0
intelligent-course-aware-ide/internal/controller/course/course_v1_delete_course.go:14.16,16.3 1 0
intelligent-course-aware-ide/internal/controller/course/course_v1_delete_course.go:18.2,18.12 1 0
intelligent-course-aware-ide/internal/controller/course/course_v1_delete_course.go:18.12,20.17 2 0
intelligent-course-aware-ide/internal/controller/course/course_v1_delete_course.go:20.17,22.4 1 0
intelligent-course-aware-ide/internal/controller/course/course_v1_delete_course.go:23.3,26.18 2 0
intelligent-course-aware-ide/internal/controller/course/course_v1_delete_course.go:27.8,29.3 1 0
intelligent-course-aware-ide/internal/controller/course/course_v1_delete_course.go:31.2,31.17 1 0
intelligent-course-aware-ide/internal/controller/course/course_v1_get_all_courses_info.go:10.135,14.2 3 0
intelligent-course-aware-ide/internal/controller/course/course_v1_get_course.go:10.111,14.2 3 0
intelligent-course-aware-ide/internal/controller/course/course_v1_get_course_with_lectures_by_course_id.go:10.177,13.16 3 0
intelligent-course-aware-ide/internal/controller/course/course_v1_get_course_with_lectures_by_course_id.go:13.16,15.3 1 0
intelligent-course-aware-ide/internal/controller/course/course_v1_get_course_with_lectures_by_course_id.go:16.2,17.16 2 0
intelligent-course-aware-ide/internal/controller/course/course_v1_get_course_with_lectures_by_course_id.go:17.16,19.3 1 0
intelligent-course-aware-ide/internal/controller/course/course_v1_get_course_with_lectures_by_course_id.go:20.2,20.17 1 0
intelligent-course-aware-ide/internal/controller/course/course_v1_get_course_with_lectures_by_student_id.go:11.180,16.16 5 0
intelligent-course-aware-ide/internal/controller/course/course_v1_get_course_with_lectures_by_student_id.go:16.16,18.3 1 0
intelligent-course-aware-ide/internal/controller/course/course_v1_get_course_with_lectures_by_student_id.go:19.2,19.23 1 0
intelligent-course-aware-ide/internal/controller/course/course_v1_get_course_with_lectures_by_student_id.go:19.23,23.3 3 0
intelligent-course-aware-ide/internal/controller/course/course_v1_get_course_with_lectures_by_student_id.go:24.2,24.47 1 0
intelligent-course-aware-ide/internal/controller/course/course_v1_get_course_with_lectures_by_student_id.go:24.47,27.17 3 0
intelligent-course-aware-ide/internal/controller/course/course_v1_get_course_with_lectures_by_student_id.go:27.17,29.4 1 0
intelligent-course-aware-ide/internal/controller/course/course_v1_get_course_with_lectures_by_student_id.go:30.3,31.17 2 0
intelligent-course-aware-ide/internal/controller/course/course_v1_get_course_with_lectures_by_student_id.go:31.17,33.4 1 0
intelligent-course-aware-ide/internal/controller/course/course_v1_get_course_with_lectures_by_student_id.go:34.3,34.48 1 0
intelligent-course-aware-ide/internal/controller/course/course_v1_get_course_with_lectures_by_student_id.go:36.2,36.17 1 0
intelligent-course-aware-ide/internal/controller/course/course_v1_recommand_course.go:15.129,19.16 4 0
intelligent-course-aware-ide/internal/controller/course/course_v1_recommand_course.go:19.16,21.3 1 0
intelligent-course-aware-ide/internal/controller/course/course_v1_recommand_course.go:23.2,24.52 2 0
intelligent-course-aware-ide/internal/controller/course/course_v1_recommand_course.go:24.52,27.17 3 0
intelligent-course-aware-ide/internal/controller/course/course_v1_recommand_course.go:27.17,29.4 1 0
intelligent-course-aware-ide/internal/controller/course/course_v1_recommand_course.go:30.3,33.28 4 0
intelligent-course-aware-ide/internal/controller/course/course_v1_recommand_course.go:35.2,39.38 4 0
intelligent-course-aware-ide/internal/controller/course/course_v1_recommand_course.go:39.38,41.3 1 0
intelligent-course-aware-ide/internal/controller/course/course_v1_recommand_course.go:42.2,42.17 1 0
intelligent-course-aware-ide/internal/controller/course/course_v1_search_course.go:11.120,14.38 3 0
intelligent-course-aware-ide/internal/controller/course/course_v1_search_course.go:14.38,16.3 1 0
intelligent-course-aware-ide/internal/controller/course/course_v1_search_course.go:17.2,17.17 1 0
intelligent-course-aware-ide/internal/controller/course/course_v1_unassign_course_assistant.go:12.153,15.16 3 0
intelligent-course-aware-ide/internal/controller/course/course_v1_unassign_course_assistant.go:15.16,17.3 1 0
intelligent-course-aware-ide/internal/controller/course/course_v1_unassign_course_assistant.go:18.2,18.47 1 0
intelligent-course-aware-ide/internal/controller/course/course_v1_unassign_course_assistant.go:18.47,23.17 2 0
intelligent-course-aware-ide/internal/controller/course/course_v1_unassign_course_assistant.go:23.17,25.4 1 0
intelligent-course-aware-ide/internal/controller/course/course_v1_unassign_course_assistant.go:26.3,29.18 2 0
intelligent-course-aware-ide/internal/controller/course/course_v1_unassign_course_assistant.go:32.2,32.88 1 0
intelligent-course-aware-ide/internal/controller/course/course_v1_update_course.go:12.120,19.16 4 0
intelligent-course-aware-ide/internal/controller/course/course_v1_update_course.go:19.16,21.3 1 0
intelligent-course-aware-ide/internal/controller/course/course_v1_update_course.go:22.2,23.16 2 0
intelligent-course-aware-ide/internal/controller/course/course_v1_update_course.go:23.16,25.3 1 0
intelligent-course-aware-ide/internal/controller/course/course_v1_update_course.go:27.2,27.24 1 0
intelligent-course-aware-ide/internal/controller/course/course_v1_update_course.go:27.24,30.17 3 0
intelligent-course-aware-ide/internal/controller/course/course_v1_update_course.go:30.17,32.4 1 0
intelligent-course-aware-ide/internal/controller/course/course_v1_update_course.go:34.3,37.29 4 0
intelligent-course-aware-ide/internal/controller/course/course_v1_update_course.go:37.29,39.4 1 0
intelligent-course-aware-ide/internal/controller/course/course_v1_update_course.go:40.3,41.18 2 0
intelligent-course-aware-ide/internal/controller/course/course_v1_update_course.go:44.2,44.92 1 0
intelligent-course-aware-ide/internal/controller/runner/runner_new.go:16.31,20.2 1 0
intelligent-course-aware-ide/internal/controller/runner/runner_v1_general_runner.go:11.123,13.29 2 0
intelligent-course-aware-ide/internal/controller/runner/runner_v1_general_runner.go:13.29,15.3 1 0
intelligent-course-aware-ide/internal/controller/runner/runner_v1_general_runner.go:16.2,16.75 1 0
intelligent-course-aware-ide/internal/controller/runner/runner_v1_general_runner.go:16.75,19.17 3 0
intelligent-course-aware-ide/internal/controller/runner/runner_v1_general_runner.go:19.17,21.4 1 0
intelligent-course-aware-ide/internal/controller/runner/runner_v1_general_runner.go:22.8,22.37 1 0
intelligent-course-aware-ide/internal/controller/runner/runner_v1_general_runner.go:22.37,25.17 3 0
intelligent-course-aware-ide/internal/controller/runner/runner_v1_general_runner.go:25.17,27.4 1 0
intelligent-course-aware-ide/internal/controller/runner/runner_v1_general_runner.go:28.8,30.3 1 0
intelligent-course-aware-ide/internal/controller/runner/runner_v1_general_runner.go:31.2,31.17 1 0
intelligent-course-aware-ide/internal/controller/user/user.go:19.111,22.39 3 0
intelligent-course-aware-ide/internal/controller/user/user.go:22.39,24.3 1 0
intelligent-course-aware-ide/internal/controller/user/user.go:26.2,28.31 3 0
intelligent-course-aware-ide/internal/controller/user/user.go:28.31,30.3 1 0
intelligent-course-aware-ide/internal/controller/user/user.go:32.2,32.114 1 0
intelligent-course-aware-ide/internal/controller/user/user.go:32.114,34.3 1 0
intelligent-course-aware-ide/internal/controller/user/user.go:34.8,36.3 1 0
intelligent-course-aware-ide/internal/controller/user/user.go:40.44,44.38 4 0
intelligent-course-aware-ide/internal/controller/user/user.go:44.38,49.29 5 0
intelligent-course-aware-ide/internal/controller/user/user.go:49.29,51.4 1 0
intelligent-course-aware-ide/internal/controller/user/user.go:53.2,53.23 1 0
intelligent-course-aware-ide/internal/controller/user/user.go:56.37,57.34 1 0
intelligent-course-aware-ide/internal/controller/user/user.go:58.14,59.19 1 0
intelligent-course-aware-ide/internal/controller/user/user.go:60.25,61.31 1 0
intelligent-course-aware-ide/internal/controller/user/user.go:62.24,63.33 1 0
intelligent-course-aware-ide/internal/controller/user/user.go:64.17,65.22 1 0
intelligent-course-aware-ide/internal/controller/user/user.go:66.10,67.93 1 0
intelligent-course-aware-ide/internal/controller/user/user_new.go:16.27,20.2 1 0
intelligent-course-aware-ide/internal/controller/user/user_v1_delete_user.go:10.114,14.28 3 0
intelligent-course-aware-ide/internal/controller/user/user_v1_delete_user.go:14.28,16.3 1 0
intelligent-course-aware-ide/internal/controller/user/user_v1_delete_user.go:18.2,19.16 2 0
intelligent-course-aware-ide/internal/controller/user/user_v1_delete_user.go:19.16,23.3 1 0
intelligent-course-aware-ide/internal/controller/user/user_v1_delete_user.go:24.2,24.17 1 0
intelligent-course-aware-ide/internal/controller/user/user_v1_get_all_users_info.go:10.129,14.2 3 0
intelligent-course-aware-ide/internal/controller/user/user_v1_get_user.go:10.105,14.2 3 0
intelligent-course-aware-ide/internal/controller/user/user_v1_logout_user.go:14.114,17.16 3 0
intelligent-course-aware-ide/internal/controller/user/user_v1_logout_user.go:17.16,19.3 1 0
intelligent-course-aware-ide/internal/controller/user/user_v1_logout_user.go:20.2,20.54 1 0
intelligent-course-aware-ide/internal/controller/user/user_v1_update_user.go:11.114,17.16 4 0
intelligent-course-aware-ide/internal/controller/user/user_v1_update_user.go:17.16,19.3 1 0
intelligent-course-aware-ide/internal/controller/user/user_v1_update_user.go:20.2,21.17 2 0
intelligent-course-aware-ide/internal/controller/comment/comment.go:14.115,20.16 2 1
intelligent-course-aware-ide/internal/controller/comment/comment.go:20.16,22.3 1 0
intelligent-course-aware-ide/internal/controller/comment/comment.go:23.2,23.23 1 1
intelligent-course-aware-ide/internal/controller/comment/comment.go:23.23,26.3 2 0
intelligent-course-aware-ide/internal/controller/comment/comment.go:27.2,28.51 2 1
intelligent-course-aware-ide/internal/controller/comment/comment_V1_create_comment.go:11.123,20.16 2 1
intelligent-course-aware-ide/internal/controller/comment/comment_V1_create_comment.go:20.16,22.3 1 0
intelligent-course-aware-ide/internal/controller/comment/comment_V1_create_comment.go:23.2,26.17 2 1
intelligent-course-aware-ide/internal/controller/comment/comment_V1_delete_comment.go:11.123,13.16 2 1
intelligent-course-aware-ide/internal/controller/comment/comment_V1_delete_comment.go:13.16,18.3 2 0
intelligent-course-aware-ide/internal/controller/comment/comment_V1_delete_comment.go:19.2,19.12 1 1
intelligent-course-aware-ide/internal/controller/comment/comment_V1_delete_comment.go:19.12,21.17 2 0
intelligent-course-aware-ide/internal/controller/comment/comment_V1_delete_comment.go:21.17,23.4 1 0
intelligent-course-aware-ide/internal/controller/comment/comment_V1_delete_comment.go:24.3,27.18 2 0
intelligent-course-aware-ide/internal/controller/comment/comment_V1_delete_comment.go:28.8,34.3 3 1
intelligent-course-aware-ide/internal/controller/comment/comment_V1_get_comment.go:13.114,34.2 4 1
intelligent-course-aware-ide/internal/controller/comment/comment_V1_update_comment.go:12.123,19.16 3 1
intelligent-course-aware-ide/internal/controller/comment/comment_V1_update_comment.go:19.16,21.3 1 0
intelligent-course-aware-ide/internal/controller/comment/comment_V1_update_comment.go:22.2,23.17 2 1
intelligent-course-aware-ide/internal/controller/comment/comment_new.go:13.33,15.2 1 0
intelligent-course-aware-ide/internal/controller/comment/comment_v1_get_hot_words.go:22.13,24.2 1 1
intelligent-course-aware-ide/internal/controller/comment/comment_v1_get_hot_words.go:25.16,27.2 1 0
intelligent-course-aware-ide/internal/controller/comment/comment_v1_get_hot_words.go:28.117,30.16 2 0
intelligent-course-aware-ide/internal/controller/comment/comment_v1_get_hot_words.go:30.16,32.3 1 0
intelligent-course-aware-ide/internal/controller/comment/comment_v1_get_hot_words.go:33.2,34.46 2 0
intelligent-course-aware-ide/internal/controller/comment/comment_v1_get_hot_words.go:34.46,36.30 2 0
intelligent-course-aware-ide/internal/controller/comment/comment_v1_get_hot_words.go:36.30,37.49 1 0
intelligent-course-aware-ide/internal/controller/comment/comment_v1_get_hot_words.go:37.49,38.13 1 0
intelligent-course-aware-ide/internal/controller/comment/comment_v1_get_hot_words.go:40.4,41.28 2 0
intelligent-course-aware-ide/internal/controller/comment/comment_v1_get_hot_words.go:45.2,46.46 2 0
intelligent-course-aware-ide/internal/controller/comment/comment_v1_get_hot_words.go:46.46,49.3 2 0
intelligent-course-aware-ide/internal/controller/comment/comment_v1_get_hot_words.go:52.2,52.39 1 0
intelligent-course-aware-ide/internal/controller/comment/comment_v1_get_hot_words.go:52.39,54.3 1 0
intelligent-course-aware-ide/internal/controller/comment/comment_v1_get_hot_words.go:55.2,55.20 1 0
intelligent-course-aware-ide/internal/controller/comment/comment_v1_get_hot_words.go:55.20,57.3 1 0
intelligent-course-aware-ide/internal/controller/comment/comment_v1_get_hot_words.go:59.2,62.8 2 0
