mode: set
intelligent-course-aware-ide/internal/controller/course/course.go:16.76,19.31 3 0
intelligent-course-aware-ide/internal/controller/course/course.go:19.31,21.3 1 0
intelligent-course-aware-ide/internal/controller/course/course.go:23.2,23.64 1 0
intelligent-course-aware-ide/internal/controller/course/course.go:23.64,25.3 1 0
intelligent-course-aware-ide/internal/controller/course/course.go:27.2,27.14 1 0
intelligent-course-aware-ide/internal/controller/course/course.go:30.117,33.16 3 0
intelligent-course-aware-ide/internal/controller/course/course.go:33.16,35.3 1 0
intelligent-course-aware-ide/internal/controller/course/course.go:37.2,37.34 1 0
intelligent-course-aware-ide/internal/controller/course/course.go:37.34,39.3 1 0
intelligent-course-aware-ide/internal/controller/course/course.go:41.2,43.16 3 0
intelligent-course-aware-ide/internal/controller/course/course.go:43.16,45.3 1 0
intelligent-course-aware-ide/internal/controller/course/course.go:47.2,47.32 1 0
intelligent-course-aware-ide/internal/controller/course/course.go:47.32,49.3 1 0
intelligent-course-aware-ide/internal/controller/course/course.go:51.2,51.19 1 0
intelligent-course-aware-ide/internal/controller/course/course.go:54.117,62.36 3 0
intelligent-course-aware-ide/internal/controller/course/course.go:62.36,64.3 1 0
intelligent-course-aware-ide/internal/controller/course/course.go:66.2,66.18 1 0
intelligent-course-aware-ide/internal/controller/course/course_new.go:20.31,26.2 1 0
intelligent-course-aware-ide/internal/controller/course/course_v1_add_students_into_course.go:12.147,18.16 4 1
intelligent-course-aware-ide/internal/controller/course/course_v1_add_students_into_course.go:18.16,20.3 1 0
intelligent-course-aware-ide/internal/controller/course/course_v1_add_students_into_course.go:22.2,23.16 2 1
intelligent-course-aware-ide/internal/controller/course/course_v1_add_students_into_course.go:23.16,25.3 1 0
intelligent-course-aware-ide/internal/controller/course/course_v1_add_students_into_course.go:26.2,26.24 1 1
intelligent-course-aware-ide/internal/controller/course/course_v1_add_students_into_course.go:26.24,27.50 1 1
intelligent-course-aware-ide/internal/controller/course/course_v1_add_students_into_course.go:27.50,30.18 3 1
intelligent-course-aware-ide/internal/controller/course/course_v1_add_students_into_course.go:30.18,32.5 1 0
intelligent-course-aware-ide/internal/controller/course/course_v1_add_students_into_course.go:33.4,37.18 2 1
intelligent-course-aware-ide/internal/controller/course/course_v1_add_students_into_course.go:37.18,39.5 1 0
intelligent-course-aware-ide/internal/controller/course/course_v1_add_students_into_course.go:42.2,43.17 2 1
intelligent-course-aware-ide/internal/controller/course/course_v1_apply_to_join_course.go:15.135,24.16 6 1
intelligent-course-aware-ide/internal/controller/course/course_v1_apply_to_join_course.go:24.16,26.3 1 0
intelligent-course-aware-ide/internal/controller/course/course_v1_apply_to_join_course.go:27.2,27.36 1 1
intelligent-course-aware-ide/internal/controller/course/course_v1_apply_to_join_course.go:27.36,29.3 1 0
intelligent-course-aware-ide/internal/controller/course/course_v1_apply_to_join_course.go:30.2,31.16 2 1
intelligent-course-aware-ide/internal/controller/course/course_v1_apply_to_join_course.go:31.16,33.3 1 0
intelligent-course-aware-ide/internal/controller/course/course_v1_apply_to_join_course.go:34.2,35.16 2 1
intelligent-course-aware-ide/internal/controller/course/course_v1_apply_to_join_course.go:35.16,37.3 1 0
intelligent-course-aware-ide/internal/controller/course/course_v1_apply_to_join_course.go:38.2,38.25 1 1
intelligent-course-aware-ide/internal/controller/course/course_v1_apply_to_join_course.go:38.25,40.3 1 1
intelligent-course-aware-ide/internal/controller/course/course_v1_apply_to_join_course.go:42.2,51.16 2 0
intelligent-course-aware-ide/internal/controller/course/course_v1_apply_to_join_course.go:51.16,53.3 1 0
intelligent-course-aware-ide/internal/controller/course/course_v1_apply_to_join_course.go:54.2,55.17 2 0
intelligent-course-aware-ide/internal/controller/course/course_v1_assign_course_assistant.go:13.147,16.16 3 1
intelligent-course-aware-ide/internal/controller/course/course_v1_assign_course_assistant.go:16.16,18.3 1 0
intelligent-course-aware-ide/internal/controller/course/course_v1_assign_course_assistant.go:20.2,20.12 1 1
intelligent-course-aware-ide/internal/controller/course/course_v1_assign_course_assistant.go:20.12,25.17 3 1
intelligent-course-aware-ide/internal/controller/course/course_v1_assign_course_assistant.go:25.17,27.4 1 1
intelligent-course-aware-ide/internal/controller/course/course_v1_assign_course_assistant.go:28.3,29.18 2 0
intelligent-course-aware-ide/internal/controller/course/course_v1_assign_course_assistant.go:31.2,31.95 1 0
intelligent-course-aware-ide/internal/controller/course/course_v1_create_course.go:12.120,15.49 2 1
intelligent-course-aware-ide/internal/controller/course/course_v1_create_course.go:15.49,17.3 1 0
intelligent-course-aware-ide/internal/controller/course/course_v1_create_course.go:19.2,24.16 2 1
intelligent-course-aware-ide/internal/controller/course/course_v1_create_course.go:24.16,26.3 1 0
intelligent-course-aware-ide/internal/controller/course/course_v1_create_course.go:28.2,36.16 2 1
intelligent-course-aware-ide/internal/controller/course/course_v1_create_course.go:36.16,38.3 1 0
intelligent-course-aware-ide/internal/controller/course/course_v1_create_course.go:40.2,46.16 2 1
intelligent-course-aware-ide/internal/controller/course/course_v1_create_course.go:46.16,48.3 1 0
intelligent-course-aware-ide/internal/controller/course/course_v1_create_course.go:50.2,53.17 2 1
intelligent-course-aware-ide/internal/controller/course/course_v1_delete_course.go:11.120,14.16 3 0
intelligent-course-aware-ide/internal/controller/course/course_v1_delete_course.go:14.16,16.3 1 0
intelligent-course-aware-ide/internal/controller/course/course_v1_delete_course.go:18.2,18.12 1 0
intelligent-course-aware-ide/internal/controller/course/course_v1_delete_course.go:18.12,20.17 2 0
intelligent-course-aware-ide/internal/controller/course/course_v1_delete_course.go:20.17,22.4 1 0
intelligent-course-aware-ide/internal/controller/course/course_v1_delete_course.go:23.3,26.18 2 0
intelligent-course-aware-ide/internal/controller/course/course_v1_delete_course.go:27.8,29.3 1 0
intelligent-course-aware-ide/internal/controller/course/course_v1_delete_course.go:31.2,31.17 1 0
intelligent-course-aware-ide/internal/controller/course/course_v1_get_all_courses_info.go:10.135,14.2 3 1
intelligent-course-aware-ide/internal/controller/course/course_v1_get_all_students_of_a_course.go:12.153,16.16 4 1
intelligent-course-aware-ide/internal/controller/course/course_v1_get_all_students_of_a_course.go:16.16,18.3 1 0
intelligent-course-aware-ide/internal/controller/course/course_v1_get_all_students_of_a_course.go:20.2,21.16 2 1
intelligent-course-aware-ide/internal/controller/course/course_v1_get_all_students_of_a_course.go:21.16,23.3 1 0
intelligent-course-aware-ide/internal/controller/course/course_v1_get_all_students_of_a_course.go:24.2,24.24 1 1
intelligent-course-aware-ide/internal/controller/course/course_v1_get_all_students_of_a_course.go:24.24,27.17 3 1
intelligent-course-aware-ide/internal/controller/course/course_v1_get_all_students_of_a_course.go:27.17,29.4 1 0
intelligent-course-aware-ide/internal/controller/course/course_v1_get_all_students_of_a_course.go:30.3,30.56 1 1
intelligent-course-aware-ide/internal/controller/course/course_v1_get_all_students_of_a_course.go:30.56,34.18 4 1
intelligent-course-aware-ide/internal/controller/course/course_v1_get_all_students_of_a_course.go:34.18,36.5 1 0
intelligent-course-aware-ide/internal/controller/course/course_v1_get_all_students_of_a_course.go:37.4,37.48 1 1
intelligent-course-aware-ide/internal/controller/course/course_v1_get_all_students_of_a_course.go:40.2,40.17 1 1
intelligent-course-aware-ide/internal/controller/course/course_v1_get_course.go:10.111,14.2 3 1
intelligent-course-aware-ide/internal/controller/course/course_v1_get_course_with_lectures_by_course_id.go:10.177,13.16 3 1
intelligent-course-aware-ide/internal/controller/course/course_v1_get_course_with_lectures_by_course_id.go:13.16,15.3 1 0
intelligent-course-aware-ide/internal/controller/course/course_v1_get_course_with_lectures_by_course_id.go:16.2,17.16 2 1
intelligent-course-aware-ide/internal/controller/course/course_v1_get_course_with_lectures_by_course_id.go:17.16,19.3 1 0
intelligent-course-aware-ide/internal/controller/course/course_v1_get_course_with_lectures_by_course_id.go:20.2,20.17 1 1
intelligent-course-aware-ide/internal/controller/course/course_v1_get_course_with_lectures_by_student_id.go:11.180,16.16 5 1
intelligent-course-aware-ide/internal/controller/course/course_v1_get_course_with_lectures_by_student_id.go:16.16,18.3 1 0
intelligent-course-aware-ide/internal/controller/course/course_v1_get_course_with_lectures_by_student_id.go:19.2,19.23 1 1
intelligent-course-aware-ide/internal/controller/course/course_v1_get_course_with_lectures_by_student_id.go:19.23,21.3 1 0
intelligent-course-aware-ide/internal/controller/course/course_v1_get_course_with_lectures_by_student_id.go:22.2,22.47 1 1
intelligent-course-aware-ide/internal/controller/course/course_v1_get_course_with_lectures_by_student_id.go:22.47,25.17 3 1
intelligent-course-aware-ide/internal/controller/course/course_v1_get_course_with_lectures_by_student_id.go:25.17,27.4 1 0
intelligent-course-aware-ide/internal/controller/course/course_v1_get_course_with_lectures_by_student_id.go:28.3,29.17 2 1
intelligent-course-aware-ide/internal/controller/course/course_v1_get_course_with_lectures_by_student_id.go:29.17,31.4 1 0
intelligent-course-aware-ide/internal/controller/course/course_v1_get_course_with_lectures_by_student_id.go:32.3,32.48 1 1
intelligent-course-aware-ide/internal/controller/course/course_v1_get_course_with_lectures_by_student_id.go:34.2,34.17 1 1
intelligent-course-aware-ide/internal/controller/course/course_v1_recommand_course.go:15.129,19.16 4 0
intelligent-course-aware-ide/internal/controller/course/course_v1_recommand_course.go:19.16,21.3 1 0
intelligent-course-aware-ide/internal/controller/course/course_v1_recommand_course.go:23.2,24.52 2 0
intelligent-course-aware-ide/internal/controller/course/course_v1_recommand_course.go:24.52,27.17 3 0
intelligent-course-aware-ide/internal/controller/course/course_v1_recommand_course.go:27.17,29.4 1 0
intelligent-course-aware-ide/internal/controller/course/course_v1_recommand_course.go:30.3,33.28 4 0
intelligent-course-aware-ide/internal/controller/course/course_v1_recommand_course.go:35.2,39.38 4 0
intelligent-course-aware-ide/internal/controller/course/course_v1_recommand_course.go:39.38,41.3 1 0
intelligent-course-aware-ide/internal/controller/course/course_v1_recommand_course.go:42.2,42.17 1 0
intelligent-course-aware-ide/internal/controller/course/course_v1_search_course.go:11.120,14.38 3 0
intelligent-course-aware-ide/internal/controller/course/course_v1_search_course.go:14.38,16.3 1 0
intelligent-course-aware-ide/internal/controller/course/course_v1_search_course.go:17.2,17.17 1 0
intelligent-course-aware-ide/internal/controller/course/course_v1_unassign_course_assistant.go:13.153,16.16 3 1
intelligent-course-aware-ide/internal/controller/course/course_v1_unassign_course_assistant.go:16.16,18.3 1 0
intelligent-course-aware-ide/internal/controller/course/course_v1_unassign_course_assistant.go:19.2,19.47 1 1
intelligent-course-aware-ide/internal/controller/course/course_v1_unassign_course_assistant.go:19.47,21.17 2 1
intelligent-course-aware-ide/internal/controller/course/course_v1_unassign_course_assistant.go:21.17,23.4 1 1
intelligent-course-aware-ide/internal/controller/course/course_v1_unassign_course_assistant.go:24.3,27.18 2 0
intelligent-course-aware-ide/internal/controller/course/course_v1_unassign_course_assistant.go:30.2,30.88 1 0
intelligent-course-aware-ide/internal/controller/course/course_v1_update_course.go:12.120,19.16 4 1
intelligent-course-aware-ide/internal/controller/course/course_v1_update_course.go:19.16,21.3 1 0
intelligent-course-aware-ide/internal/controller/course/course_v1_update_course.go:22.2,23.16 2 1
intelligent-course-aware-ide/internal/controller/course/course_v1_update_course.go:23.16,25.3 1 0
intelligent-course-aware-ide/internal/controller/course/course_v1_update_course.go:27.2,27.24 1 1
intelligent-course-aware-ide/internal/controller/course/course_v1_update_course.go:27.24,30.17 3 1
intelligent-course-aware-ide/internal/controller/course/course_v1_update_course.go:30.17,32.4 1 0
intelligent-course-aware-ide/internal/controller/course/course_v1_update_course.go:34.3,37.29 4 1
intelligent-course-aware-ide/internal/controller/course/course_v1_update_course.go:37.29,39.4 1 0
intelligent-course-aware-ide/internal/controller/course/course_v1_update_course.go:40.3,41.18 2 1
intelligent-course-aware-ide/internal/controller/course/course_v1_update_course.go:44.2,44.92 1 0
